<?xml version='1.0' encoding='UTF-8'?>
<testsuite hostname="DESKTOP-T0HPRAT" name="funsets.FunSetSuite" tests="8" errors="0" failures="0" skipped="0" time="0.156" timestamp="2022-09-15T18:29:17">
          <properties>
      <property name="awt.toolkit" value="sun.awt.windows.WToolkit"/><property name="java.specification.version" value="11"/><property name="sun.cpu.isalist" value="amd64"/><property name="sun.jnu.encoding" value="MS949"/><property name="sun.arch.data.model" value="64"/><property name="java.vendor.url" value="http://java.oracle.com/"/><property name="sun.boot.library.path" value="C:\Users\dangn\AppData\Local\Coursier\cache\arc\https\github.com\AdoptOpenJDK\openjdk11-binaries\releases\download\jdk-11%252B28\OpenJDK11-jdk_x64_windows_hotspot_11_28.zip\jdk-11+28\bin"/><property name="sun.java.command" value="xsbt.boot.Boot"/><property name="jdk.debug" value="release"/><property name="sun.stderr.encoding" value="ms949"/><property name="java.specification.vendor" value="Oracle Corporation"/><property name="java.version.date" value="2018-09-25"/><property name="java.home" value="C:\Users\dangn\AppData\Local\Coursier\cache\arc\https\github.com\AdoptOpenJDK\openjdk11-binaries\releases\download\jdk-11%252B28\OpenJDK11-jdk_x64_windows_hotspot_11_28.zip\jdk-11+28"/><property name="file.separator" value="\"/><property name="java.vm.compressedOopsMode" value="32-bit"/><property name="line.separator" value="
"/><property name="sun.stdout.encoding" value="ms949"/><property name="java.specification.name" value="Java Platform API Specification"/><property name="java.vm.specification.vendor" value="Oracle Corporation"/><property name="user.script" value=""/><property name="sun.management.compiler" value="HotSpot 64-Bit Tiered Compilers"/><property name="java.runtime.version" value="11+28"/><property name="user.name" value="USER"/><property name="log4j.ignoreTCL" value="true"/><property name="file.encoding" value="UTF-8"/><property name="jnidispatch.path" value="C:\Users\dangn\AppData\Local\Temp\jna-2614219\jna5427494334530847045.dll"/><property name="java.vendor.version" value="AdoptOpenJDK"/><property name="jna.loaded" value="true"/><property name="java.io.tmpdir" value="C:\Users\dangn\AppData\Local\Temp\"/><property name="java.version" value="11"/><property name="java.vm.specification.name" value="Java Virtual Machine Specification"/><property name="java.awt.printerjob" value="sun.awt.windows.WPrinterJob"/><property name="sun.os.patch.level" value=""/><property name="java.library.path" value="C:\Users\dangn\AppData\Local\Coursier\cache\arc\https\github.com\AdoptOpenJDK\openjdk11-binaries\releases\download\jdk-11%252B28\OpenJDK11-jdk_x64_windows_hotspot_11_28.zip\jdk-11+28\bin;C:\WINDOWS\Sun\Java\bin;C:\WINDOWS\system32;C:\WINDOWS;C:\Users\dangn\AppData\Local\Coursier\cache\arc\https\github.com\AdoptOpenJDK\openjdk11-binaries\releases\download\jdk-11%252B28\OpenJDK11-jdk_x64_windows_hotspot_11_28.zip\jdk-11+28\bin;C:\Program Files\Eclipse Adoptium\jdk-11.0.16.101-hotspot\bin;C:\Program Files\Java\jdk-17.0.2\bin\server;C:\Program Files\Common Files\Oracle\Java\javapath;C:\Program Files\Oculus\Support\oculus-runtime;C:\Program Files\Zulu\zulu-8\bin\;C:\WINDOWS\system32;C:\WINDOWS;C:\WINDOWS\System32\Wbem;C:\WINDOWS\System32\WindowsPowerShell\v1.0\;C:\WINDOWS\System32\OpenSSH\;C:\Program Files\Git\cmd\;C:\Program Files\Git\bin\;C:\Users\dangn\AppData\Local\Android\Sdk\platform-tools\;C:\msys64\mingw64\bin;C:\Users\dangn\AppData\Roaming\nvm;C:\Program Files\nodejs;C:\Users\dangn\AppData\Roaming\nvm\;C:\ProgramData\chocolatey\bin;C:\Program Files\Bandizip\;C:\Program Files\dotnet\;C:\MinGW\bin;C:\msys64\mingw64\bin;c:\windows\system32;C:\Users\dangn\AppData\Local\Programs\Python\Python310\Scripts\;C:\Users\dangn\AppData\Local\Programs\Python\Python310\;C:\Users\dangn\AppData\Local\Microsoft\WindowsApps;C:\Users\dangn\AppData\Local\Programs\Microsoft VS Code\bin;C:\Users\dangn\AppData\Roaming\nvm;C:\Program Files\nodejs;C:\Users\dangn\.dotnet\tools;C:\Program Files\nodejs\;C:\Users\dangn\AppData\Roaming\npm;;C:\Users\dangn\AppData\Local\Coursier\data\bin;C:\Users\dangn\AppData\Local\Coursier\cache\arc\https\github.com\AdoptOpenJDK\openjdk11-binaries\releases\download\jdk-11%252B28\OpenJDK11-jdk_x64_windows_hotspot_11_28.zip\jdk-11+28\bin;."/><property name="java.vendor" value="Oracle Corporation"/><property name="scala.ext.dirs" value="C:\Users\dangn\.sbt\1.0\java9-rt-ext-oracle_corporation_11"/><property name="sun.io.unicode.encoding" value="UnicodeLittle"/><property name="sun.desktop" value="windows"/><property name="java.class.path" value="C:\Users\dangn\AppData\Local\Coursier\cache\arc\https\github.com\sbt\sbt\releases\download\v1.7.1\sbt-1.7.1.zip\sbt\bin\sbt-launch.jar"/><property name="java.vm.vendor" value="Oracle Corporation"/><property name="user.variant" value=""/><property name="jline.shutdownhook" value="false"/><property name="user.timezone" value="Asia/Seoul"/><property name="os.name" value="Windows 10"/><property name="java.vm.specification.version" value="11"/><property name="sun.java.launcher" value="SUN_STANDARD"/><property name="user.country" value="KR"/><property name="sun.cpu.endian" value="little"/><property name="user.home" value="C:\Users\dangn"/><property name="user.language" value="ko"/><property name="swoval.tmpdir" value="C:\Users\dangn\.sbt\1.0"/><property name="java.awt.graphicsenv" value="sun.awt.Win32GraphicsEnvironment"/><property name="jline.esc.timeout" value="0"/><property name="path.separator" value=";"/><property name="os.version" value="10.0"/><property name="jna.nosys" value="true"/><property name="java.runtime.name" value="OpenJDK Runtime Environment"/><property name="java.vm.name" value="OpenJDK 64-Bit Server VM"/><property name="java.vendor.url.bug" value="http://bugreport.java.com/bugreport/"/><property name="user.dir" value="C:\Users\dangn\Documents\2022 Fall\Software Design Methods\cs434\Functional Programming Principles in Scala\assn\funsets"/><property name="os.arch" value="amd64"/><property name="java.vm.info" value="mixed mode"/><property name="java.vm.version" value="11+28"/><property name="java.class.version" value="55.0"/>
    </properties>
          <testcase classname="funsets.FunSetSuite" name="contains is implemented" time="0.079">
                      
                    </testcase><testcase classname="funsets.FunSetSuite" name="singleton set one contains one" time="0.005">
                      
                    </testcase><testcase classname="funsets.FunSetSuite" name="union contains all elements of each set" time="0.011">
                      
                    </testcase><testcase classname="funsets.FunSetSuite" name="intersect contains all elements both in set" time="0.012">
                      
                    </testcase><testcase classname="funsets.FunSetSuite" name="difference contains all element both in set but not in another set" time="0.014">
                      
                    </testcase><testcase classname="funsets.FunSetSuite" name="filter contains all element that holds given predicate" time="0.009">
                      
                    </testcase><testcase classname="funsets.FunSetSuite" name="exists checks whether there exists a element that satisfies given predicate" time="0.011">
                      
                    </testcase><testcase classname="funsets.FunSetSuite" name="map transform each element according to given function" time="0.015">
                      
                    </testcase>
          <system-out><![CDATA[]]></system-out>
          <system-err><![CDATA[]]></system-err>
        </testsuite>